<?xml version="1.0" encoding="UTF-8"?>
<testsuite name="C:/Users/AARRSOL/IdeaProjects/ATB6xRestAssuredLearing"
           tests="2"
           failures="0"
           errors="0"
           skipped="0"
           time="0.067">
    <properties></properties>



            <testcase
                name="sanityRun"
                time="0.065"
                classname="com.thetestingacademy.ex25062024.Lab280">
            </testcase>
            <testcase
                name="RegRun"
                time="0.002"
                classname="com.thetestingacademy.ex25062024.Lab280">
            </testcase>
</testsuite>
