<?xml version="1.0" encoding="UTF-8"?>
<testsuite name="C:/Users/AARRSOL/IdeaProjects/ATB6xRestAssuredLearing"
           tests="4"
           failures="0"
           errors="0"
           skipped="0"
           time="0.064">
    <properties></properties>



            <testcase
                name="testMathodZero"
                time="0.003"
                classname="com.thetestingacademy.ex25062024.Lab278">
            </testcase>
            <testcase
                name="testMathodNegativeOne"
                time="0.057"
                classname="com.thetestingacademy.ex25062024.Lab278">
            </testcase>
            <testcase
                name="testMethodOne"
                time="0.002"
                classname="com.thetestingacademy.ex25062024.Lab278">
            </testcase>
            <testcase
                name="testMethodTwo"
                time="0.002"
                classname="com.thetestingacademy.ex25062024.Lab278">
            </testcase>
</testsuite>
