<?xml version="1.0" encoding="UTF-8"?>
<testsuite name="ATB6xRestAssuredLearing"
           tests="4"
           failures="0"
           errors="0"
           skipped="0"
           time="0.081">
    <properties></properties>



            <testcase
                name="testPUTRequest"
                time="0.002"
                classname="com.thetestingacademy.ex25062024.Lab282">
            </testcase>
            <testcase
                name="getToken"
                time="0.005"
                classname="com.thetestingacademy.ex25062024.Lab282">
            </testcase>
            <testcase
                name="testDeleteRequest"
                time="0.003"
                classname="com.thetestingacademy.ex25062024.Lab282">
            </testcase>
            <testcase
                name="getBookingID"
                time="0.071"
                classname="com.thetestingacademy.ex25062024.Lab282">
            </testcase>
</testsuite>
