<?xml version="1.0" encoding="UTF-8"?>
<testsuite name="ATB6xRestAssured_learing"
           tests="4"
           failures="0"
           errors="0"
           skipped="0"
           time="0.142">
    <properties></properties>



            <testcase
                name="getToken"
                time="0.005"
                classname="com.thetestingacademy.ex_Rest_26_06_2024.Lab282">
            </testcase>
            <testcase
                name="testPUTRequest"
                time="0.004"
                classname="com.thetestingacademy.ex_Rest_26_06_2024.Lab282">
            </testcase>
            <testcase
                name="getBookingID"
                time="0.128"
                classname="com.thetestingacademy.ex_Rest_26_06_2024.Lab282">
            </testcase>
            <testcase
                name="testDeleteRequest"
                time="0.005"
                classname="com.thetestingacademy.ex_Rest_26_06_2024.Lab282">
            </testcase>
</testsuite>
