<?xml version="1.0" encoding="UTF-8"?>
<testsuite name="ATB6xRestAssuredLearing"
           tests="4"
           failures="0"
           errors="0"
           skipped="0"
           time="0.072">
    <properties></properties>



            <testcase
                name="testMethodD"
                time="0.003"
                classname="com.thetestingacademy.ex25062024.Lab279">
            </testcase>
            <testcase
                name="testMethodB"
                time="0.003"
                classname="com.thetestingacademy.ex25062024.Lab279">
            </testcase>
            <testcase
                name="testMethodA"
                time="0.063"
                classname="com.thetestingacademy.ex25062024.Lab279">
            </testcase>
            <testcase
                name="testMethodC"
                time="0.003"
                classname="com.thetestingacademy.ex25062024.Lab279">
            </testcase>
</testsuite>
